Analysis & Synthesis report for Stopwatch
Sun Mar 28 16:26:39 2021
Quartus Prime Version 18.1.0 Build 625 09/12/2018 SJ Lite Edition


---------------------
; Table of Contents ;
---------------------
  1. Legal Notice
  2. Analysis & Synthesis Summary
  3. Analysis & Synthesis Settings
  4. Parallel Compilation
  5. Analysis & Synthesis Source Files Read
  6. Analysis & Synthesis Resource Usage Summary
  7. Analysis & Synthesis Resource Utilization by Entity
  8. User-Specified and Inferred Latches
  9. General Register Statistics
 10. Inverted Register Statistics
 11. Multiplexer Restructuring Statistics (Restructuring Performed)
 12. Post-Synthesis Netlist Statistics for Top Partition
 13. Elapsed Time Per Partition
 14. Analysis & Synthesis Messages



----------------
; Legal Notice ;
----------------
Copyright (C) 2018  Intel Corporation. All rights reserved.
Your use of Intel Corporation's design tools, logic functions 
and other software and tools, and its AMPP partner logic 
functions, and any output files from any of the foregoing 
(including device programming or simulation files), and any 
associated documentation or information are expressly subject 
to the terms and conditions of the Intel Program License 
Subscription Agreement, the Intel Quartus Prime License Agreement,
the Intel FPGA IP License Agreement, or other applicable license
agreement, including, without limitation, that your use is for
the sole purpose of programming logic devices manufactured by
Intel and sold by Intel or its authorized distributors.  Please
refer to the applicable agreement for further details.



+-------------------------------------------------------------------------------+
; Analysis & Synthesis Summary                                                  ;
+---------------------------------+---------------------------------------------+
; Analysis & Synthesis Status     ; Successful - Sun Mar 28 16:26:39 2021       ;
; Quartus Prime Version           ; 18.1.0 Build 625 09/12/2018 SJ Lite Edition ;
; Revision Name                   ; Stopwatch                                   ;
; Top-level Entity Name           ; Stopwatch                                   ;
; Family                          ; Cyclone V                                   ;
; Logic utilization (in ALMs)     ; N/A                                         ;
; Total registers                 ; 57                                          ;
; Total pins                      ; 70                                          ;
; Total virtual pins              ; 0                                           ;
; Total block memory bits         ; 0                                           ;
; Total DSP Blocks                ; 0                                           ;
; Total HSSI RX PCSs              ; 0                                           ;
; Total HSSI PMA RX Deserializers ; 0                                           ;
; Total HSSI TX PCSs              ; 0                                           ;
; Total HSSI PMA TX Serializers   ; 0                                           ;
; Total PLLs                      ; 0                                           ;
; Total DLLs                      ; 0                                           ;
+---------------------------------+---------------------------------------------+


+---------------------------------------------------------------------------------------------------------------------------+
; Analysis & Synthesis Settings                                                                                             ;
+---------------------------------------------------------------------------------+--------------------+--------------------+
; Option                                                                          ; Setting            ; Default Value      ;
+---------------------------------------------------------------------------------+--------------------+--------------------+
; Device                                                                          ; 5CSXFC6D6F31C6     ;                    ;
; Top-level entity name                                                           ; Stopwatch          ; Stopwatch          ;
; Family name                                                                     ; Cyclone V          ; Cyclone V          ;
; Use smart compilation                                                           ; Off                ; Off                ;
; Enable parallel Assembler and Timing Analyzer during compilation                ; On                 ; On                 ;
; Enable compact report table                                                     ; Off                ; Off                ;
; Restructure Multiplexers                                                        ; Auto               ; Auto               ;
; MLAB Add Timing Constraints For Mixed-Port Feed-Through Mode Setting Don't Care ; Off                ; Off                ;
; Create Debugging Nodes for IP Cores                                             ; Off                ; Off                ;
; Preserve fewer node names                                                       ; On                 ; On                 ;
; Intel FPGA IP Evaluation Mode                                                   ; Enable             ; Enable             ;
; Verilog Version                                                                 ; Verilog_2001       ; Verilog_2001       ;
; VHDL Version                                                                    ; VHDL_1993          ; VHDL_1993          ;
; State Machine Processing                                                        ; Auto               ; Auto               ;
; Safe State Machine                                                              ; Off                ; Off                ;
; Extract Verilog State Machines                                                  ; On                 ; On                 ;
; Extract VHDL State Machines                                                     ; On                 ; On                 ;
; Ignore Verilog initial constructs                                               ; Off                ; Off                ;
; Iteration limit for constant Verilog loops                                      ; 5000               ; 5000               ;
; Iteration limit for non-constant Verilog loops                                  ; 250                ; 250                ;
; Add Pass-Through Logic to Inferred RAMs                                         ; On                 ; On                 ;
; Infer RAMs from Raw Logic                                                       ; On                 ; On                 ;
; Parallel Synthesis                                                              ; On                 ; On                 ;
; DSP Block Balancing                                                             ; Auto               ; Auto               ;
; NOT Gate Push-Back                                                              ; On                 ; On                 ;
; Power-Up Don't Care                                                             ; On                 ; On                 ;
; Remove Redundant Logic Cells                                                    ; Off                ; Off                ;
; Remove Duplicate Registers                                                      ; On                 ; On                 ;
; Ignore CARRY Buffers                                                            ; Off                ; Off                ;
; Ignore CASCADE Buffers                                                          ; Off                ; Off                ;
; Ignore GLOBAL Buffers                                                           ; Off                ; Off                ;
; Ignore ROW GLOBAL Buffers                                                       ; Off                ; Off                ;
; Ignore LCELL Buffers                                                            ; Off                ; Off                ;
; Ignore SOFT Buffers                                                             ; On                 ; On                 ;
; Limit AHDL Integers to 32 Bits                                                  ; Off                ; Off                ;
; Optimization Technique                                                          ; Balanced           ; Balanced           ;
; Carry Chain Length                                                              ; 70                 ; 70                 ;
; Auto Carry Chains                                                               ; On                 ; On                 ;
; Auto Open-Drain Pins                                                            ; On                 ; On                 ;
; Perform WYSIWYG Primitive Resynthesis                                           ; Off                ; Off                ;
; Auto ROM Replacement                                                            ; On                 ; On                 ;
; Auto RAM Replacement                                                            ; On                 ; On                 ;
; Auto DSP Block Replacement                                                      ; On                 ; On                 ;
; Auto Shift Register Replacement                                                 ; Auto               ; Auto               ;
; Allow Shift Register Merging across Hierarchies                                 ; Auto               ; Auto               ;
; Auto Clock Enable Replacement                                                   ; On                 ; On                 ;
; Strict RAM Replacement                                                          ; Off                ; Off                ;
; Allow Synchronous Control Signals                                               ; On                 ; On                 ;
; Force Use of Synchronous Clear Signals                                          ; Off                ; Off                ;
; Auto Resource Sharing                                                           ; Off                ; Off                ;
; Allow Any RAM Size For Recognition                                              ; Off                ; Off                ;
; Allow Any ROM Size For Recognition                                              ; Off                ; Off                ;
; Allow Any Shift Register Size For Recognition                                   ; Off                ; Off                ;
; Use LogicLock Constraints during Resource Balancing                             ; On                 ; On                 ;
; Ignore translate_off and synthesis_off directives                               ; Off                ; Off                ;
; Timing-Driven Synthesis                                                         ; On                 ; On                 ;
; Report Parameter Settings                                                       ; On                 ; On                 ;
; Report Source Assignments                                                       ; On                 ; On                 ;
; Report Connectivity Checks                                                      ; On                 ; On                 ;
; Ignore Maximum Fan-Out Assignments                                              ; Off                ; Off                ;
; Synchronization Register Chain Length                                           ; 3                  ; 3                  ;
; Power Optimization During Synthesis                                             ; Normal compilation ; Normal compilation ;
; HDL message level                                                               ; Level2             ; Level2             ;
; Suppress Register Optimization Related Messages                                 ; Off                ; Off                ;
; Number of Removed Registers Reported in Synthesis Report                        ; 5000               ; 5000               ;
; Number of Swept Nodes Reported in Synthesis Report                              ; 5000               ; 5000               ;
; Number of Inverted Registers Reported in Synthesis Report                       ; 100                ; 100                ;
; Clock MUX Protection                                                            ; On                 ; On                 ;
; Auto Gated Clock Conversion                                                     ; Off                ; Off                ;
; Block Design Naming                                                             ; Auto               ; Auto               ;
; SDC constraint protection                                                       ; Off                ; Off                ;
; Synthesis Effort                                                                ; Auto               ; Auto               ;
; Shift Register Replacement - Allow Asynchronous Clear Signal                    ; On                 ; On                 ;
; Pre-Mapping Resynthesis Optimization                                            ; Off                ; Off                ;
; Analysis & Synthesis Message Level                                              ; Medium             ; Medium             ;
; Disable Register Merging Across Hierarchies                                     ; Auto               ; Auto               ;
; Resource Aware Inference For Block RAM                                          ; On                 ; On                 ;
; Automatic Parallel Synthesis                                                    ; On                 ; On                 ;
; Partial Reconfiguration Bitstream ID                                            ; Off                ; Off                ;
+---------------------------------------------------------------------------------+--------------------+--------------------+


+------------------------------------------+
; Parallel Compilation                     ;
+----------------------------+-------------+
; Processors                 ; Number      ;
+----------------------------+-------------+
; Number detected on machine ; 8           ;
; Maximum allowed            ; 4           ;
;                            ;             ;
; Average used               ; 1.00        ;
; Maximum used               ; 4           ;
;                            ;             ;
; Usage by Processor         ; % Time Used ;
;     Processor 1            ; 100.0%      ;
;     Processors 2-4         ;   0.0%      ;
+----------------------------+-------------+


+------------------------------------------------------------------------------------------------------------------------+
; Analysis & Synthesis Source Files Read                                                                                 ;
+----------------------------------+-----------------+-----------------------+---------------------------------+---------+
; File Name with User-Entered Path ; Used in Netlist ; File Type             ; File Name with Absolute Path    ; Library ;
+----------------------------------+-----------------+-----------------------+---------------------------------+---------+
; stopwatch.vhd                    ; yes             ; Auto-Found VHDL File  ; F:/FPGA/StopWatch/stopwatch.vhd ;         ;
+----------------------------------+-----------------+-----------------------+---------------------------------+---------+


+-----------------------------------------------------+
; Analysis & Synthesis Resource Usage Summary         ;
+---------------------------------------------+-------+
; Resource                                    ; Usage ;
+---------------------------------------------+-------+
; Estimate of Logic utilization (ALMs needed) ; 71    ;
;                                             ;       ;
; Combinational ALUT usage for logic          ; 129   ;
;     -- 7 input functions                    ; 0     ;
;     -- 6 input functions                    ; 12    ;
;     -- 5 input functions                    ; 9     ;
;     -- 4 input functions                    ; 57    ;
;     -- <=3 input functions                  ; 51    ;
;                                             ;       ;
; Dedicated logic registers                   ; 57    ;
;                                             ;       ;
; I/O pins                                    ; 70    ;
;                                             ;       ;
; Total DSP Blocks                            ; 0     ;
;                                             ;       ;
; Maximum fan-out node                        ; B     ;
; Maximum fan-out                             ; 34    ;
; Total fan-out                               ; 779   ;
; Average fan-out                             ; 2.39  ;
+---------------------------------------------+-------+


+-------------------------------------------------------------------------------------------------------------------------------------------------------------------------------------------------+
; Analysis & Synthesis Resource Utilization by Entity                                                                                                                                             ;
+----------------------------+---------------------+---------------------------+-------------------+------------+------+--------------+----------------------------+---------------+--------------+
; Compilation Hierarchy Node ; Combinational ALUTs ; Dedicated Logic Registers ; Block Memory Bits ; DSP Blocks ; Pins ; Virtual Pins ; Full Hierarchy Name        ; Entity Name   ; Library Name ;
+----------------------------+---------------------+---------------------------+-------------------+------------+------+--------------+----------------------------+---------------+--------------+
; |Stopwatch                 ; 129 (46)            ; 57 (24)                   ; 0                 ; 0          ; 70   ; 0            ; |Stopwatch                 ; Stopwatch     ; work         ;
;    |Clock_Divider:S|       ; 41 (41)             ; 33 (33)                   ; 0                 ; 0          ; 0    ; 0            ; |Stopwatch|Clock_Divider:S ; Clock_Divider ; work         ;
;    |led:S1|                ; 7 (7)               ; 0 (0)                     ; 0                 ; 0          ; 0    ; 0            ; |Stopwatch|led:S1          ; led           ; work         ;
;    |led:S2|                ; 7 (7)               ; 0 (0)                     ; 0                 ; 0          ; 0    ; 0            ; |Stopwatch|led:S2          ; led           ; work         ;
;    |led:S3|                ; 7 (7)               ; 0 (0)                     ; 0                 ; 0          ; 0    ; 0            ; |Stopwatch|led:S3          ; led           ; work         ;
;    |led:S4|                ; 7 (7)               ; 0 (0)                     ; 0                 ; 0          ; 0    ; 0            ; |Stopwatch|led:S4          ; led           ; work         ;
;    |led:S5|                ; 7 (7)               ; 0 (0)                     ; 0                 ; 0          ; 0    ; 0            ; |Stopwatch|led:S5          ; led           ; work         ;
;    |led:S6|                ; 7 (7)               ; 0 (0)                     ; 0                 ; 0          ; 0    ; 0            ; |Stopwatch|led:S6          ; led           ; work         ;
+----------------------------+---------------------+---------------------------+-------------------+------------+------+--------------+----------------------------+---------------+--------------+
Note: For table entries with two numbers listed, the numbers in parentheses indicate the number of resources of the given type used by the specific entity alone. The numbers listed outside of parentheses indicate the total resources of the given type used by the specific entity and all of its sub-entities in the hierarchy.


+---------------------------------------------------------------------------------------------------+
; User-Specified and Inferred Latches                                                               ;
+----------------------------------------------------+---------------------+------------------------+
; Latch Name                                         ; Latch Enable Signal ; Free of Timing Hazards ;
+----------------------------------------------------+---------------------+------------------------+
; A                                                  ; GND                 ; yes                    ;
; C                                                  ; GND                 ; yes                    ;
; B                                                  ; GND                 ; yes                    ;
; Number of user-specified and inferred latches = 3  ;                     ;                        ;
+----------------------------------------------------+---------------------+------------------------+
Note: All latches listed above may not be present at the end of synthesis due to various synthesis optimizations.


+------------------------------------------------------+
; General Register Statistics                          ;
+----------------------------------------------+-------+
; Statistic                                    ; Value ;
+----------------------------------------------+-------+
; Total registers                              ; 57    ;
; Number of registers using Synchronous Clear  ; 31    ;
; Number of registers using Synchronous Load   ; 0     ;
; Number of registers using Asynchronous Clear ; 57    ;
; Number of registers using Asynchronous Load  ; 0     ;
; Number of registers using Clock Enable       ; 15    ;
; Number of registers using Preset             ; 0     ;
+----------------------------------------------+-------+


+--------------------------------------------------+
; Inverted Register Statistics                     ;
+----------------------------------------+---------+
; Inverted Register                      ; Fan out ;
+----------------------------------------+---------+
; Clock_Divider:S|count[0]               ; 2       ;
; Total number of inverted registers = 1 ;         ;
+----------------------------------------+---------+


+------------------------------------------------------------------------------------------------------------------------------------------+
; Multiplexer Restructuring Statistics (Restructuring Performed)                                                                           ;
+--------------------+-----------+---------------+----------------------+------------------------+------------+----------------------------+
; Multiplexer Inputs ; Bus Width ; Baseline Area ; Area if Restructured ; Saving if Restructured ; Registered ; Example Multiplexer Output ;
+--------------------+-----------+---------------+----------------------+------------------------+------------+----------------------------+
; 3:1                ; 4 bits    ; 8 LEs         ; 4 LEs                ; 4 LEs                  ; Yes        ; |Stopwatch|out1[0]         ;
; 3:1                ; 4 bits    ; 8 LEs         ; 8 LEs                ; 0 LEs                  ; Yes        ; |Stopwatch|out0[2]         ;
; 3:1                ; 4 bits    ; 8 LEs         ; 4 LEs                ; 4 LEs                  ; Yes        ; |Stopwatch|out3[3]         ;
; 3:1                ; 4 bits    ; 8 LEs         ; 8 LEs                ; 0 LEs                  ; Yes        ; |Stopwatch|out2[3]         ;
; 3:1                ; 4 bits    ; 8 LEs         ; 4 LEs                ; 4 LEs                  ; Yes        ; |Stopwatch|out5[3]         ;
; 3:1                ; 4 bits    ; 8 LEs         ; 8 LEs                ; 0 LEs                  ; Yes        ; |Stopwatch|out4[3]         ;
+--------------------+-----------+---------------+----------------------+------------------------+------------+----------------------------+


+-----------------------------------------------------+
; Post-Synthesis Netlist Statistics for Top Partition ;
+-----------------------+-----------------------------+
; Type                  ; Count                       ;
+-----------------------+-----------------------------+
; arriav_ff             ; 57                          ;
;     CLR               ; 11                          ;
;     CLR SCLR          ; 31                          ;
;     ENA CLR           ; 15                          ;
; arriav_lcell_comb     ; 136                         ;
;     arith             ; 32                          ;
;         1 data inputs ; 32                          ;
;     normal            ; 104                         ;
;         0 data inputs ; 1                           ;
;         1 data inputs ; 10                          ;
;         2 data inputs ; 7                           ;
;         3 data inputs ; 8                           ;
;         4 data inputs ; 57                          ;
;         5 data inputs ; 9                           ;
;         6 data inputs ; 12                          ;
; boundary_port         ; 70                          ;
;                       ;                             ;
; Max LUT depth         ; 4.10                        ;
; Average LUT depth     ; 2.43                        ;
+-----------------------+-----------------------------+


+-------------------------------+
; Elapsed Time Per Partition    ;
+----------------+--------------+
; Partition Name ; Elapsed Time ;
+----------------+--------------+
; Top            ; 00:00:01     ;
+----------------+--------------+


+-------------------------------+
; Analysis & Synthesis Messages ;
+-------------------------------+
Info: *******************************************************************
Info: Running Quartus Prime Analysis & Synthesis
    Info: Version 18.1.0 Build 625 09/12/2018 SJ Lite Edition
    Info: Processing started: Sun Mar 28 16:26:26 2021
Info: Command: quartus_map --read_settings_files=on --write_settings_files=off Stopwatch -c Stopwatch
Warning (18236): Number of processors has not been specified which may cause overloading on shared machines.  Set the global assignment NUM_PARALLEL_PROCESSORS in your QSF to an appropriate value for best performance.
Info (20030): Parallel compilation is enabled and will use 4 of the 4 processors detected
Warning (12125): Using design file stopwatch.vhd, which is not specified as a design file for the current project, but contains definitions for 6 design units and 3 entities in project
    Info (12022): Found design unit 1: Stopwatch-rtl File: F:/FPGA/StopWatch/stopwatch.vhd Line: 39
    Info (12022): Found design unit 2: led-Behavioral File: F:/FPGA/StopWatch/stopwatch.vhd Line: 135
    Info (12022): Found design unit 3: Clock_Divider-bhv File: F:/FPGA/StopWatch/stopwatch.vhd Line: 162
    Info (12023): Found entity 1: Stopwatch File: F:/FPGA/StopWatch/stopwatch.vhd Line: 10
    Info (12023): Found entity 2: led File: F:/FPGA/StopWatch/stopwatch.vhd Line: 131
    Info (12023): Found entity 3: Clock_Divider File: F:/FPGA/StopWatch/stopwatch.vhd Line: 158
Info (12127): Elaborating entity "Stopwatch" for the top level hierarchy
Warning (10541): VHDL Signal Declaration warning at stopwatch.vhd(27): used implicit default value for signal "LEDR" because signal was never assigned a value or an explicit default value. Use of implicit default value may introduce unintended design optimizations. File: F:/FPGA/StopWatch/stopwatch.vhd Line: 27
Warning (10812): VHDL warning at stopwatch.vhd(60): sensitivity list already contains KEY File: F:/FPGA/StopWatch/stopwatch.vhd Line: 60
Warning (10631): VHDL Process Statement warning at stopwatch.vhd(60): inferring latch(es) for signal or variable "A", which holds its previous value in one or more paths through the process File: F:/FPGA/StopWatch/stopwatch.vhd Line: 60
Warning (10631): VHDL Process Statement warning at stopwatch.vhd(60): inferring latch(es) for signal or variable "B", which holds its previous value in one or more paths through the process File: F:/FPGA/StopWatch/stopwatch.vhd Line: 60
Warning (10631): VHDL Process Statement warning at stopwatch.vhd(60): inferring latch(es) for signal or variable "C", which holds its previous value in one or more paths through the process File: F:/FPGA/StopWatch/stopwatch.vhd Line: 60
Info (10041): Inferred latch for "C" at stopwatch.vhd(60) File: F:/FPGA/StopWatch/stopwatch.vhd Line: 60
Info (10041): Inferred latch for "B" at stopwatch.vhd(60) File: F:/FPGA/StopWatch/stopwatch.vhd Line: 60
Info (10041): Inferred latch for "A" at stopwatch.vhd(60) File: F:/FPGA/StopWatch/stopwatch.vhd Line: 60
Info (12128): Elaborating entity "Clock_Divider" for hierarchy "Clock_Divider:S" File: F:/FPGA/StopWatch/stopwatch.vhd Line: 118
Warning (10492): VHDL Process Statement warning at stopwatch.vhd(177): signal "tmp1" is read inside the Process Statement but isn't in the Process Statement's sensitivity list File: F:/FPGA/StopWatch/stopwatch.vhd Line: 177
Info (12128): Elaborating entity "led" for hierarchy "led:S1" File: F:/FPGA/StopWatch/stopwatch.vhd Line: 119
Warning (13024): Output pins are stuck at VCC or GND
    Warning (13410): Pin "LEDR[0]" is stuck at GND File: F:/FPGA/StopWatch/stopwatch.vhd Line: 27
    Warning (13410): Pin "LEDR[1]" is stuck at GND File: F:/FPGA/StopWatch/stopwatch.vhd Line: 27
    Warning (13410): Pin "LEDR[2]" is stuck at GND File: F:/FPGA/StopWatch/stopwatch.vhd Line: 27
    Warning (13410): Pin "LEDR[3]" is stuck at GND File: F:/FPGA/StopWatch/stopwatch.vhd Line: 27
    Warning (13410): Pin "LEDR[4]" is stuck at GND File: F:/FPGA/StopWatch/stopwatch.vhd Line: 27
    Warning (13410): Pin "LEDR[5]" is stuck at GND File: F:/FPGA/StopWatch/stopwatch.vhd Line: 27
    Warning (13410): Pin "LEDR[6]" is stuck at GND File: F:/FPGA/StopWatch/stopwatch.vhd Line: 27
    Warning (13410): Pin "LEDR[7]" is stuck at GND File: F:/FPGA/StopWatch/stopwatch.vhd Line: 27
    Warning (13410): Pin "LEDR[8]" is stuck at GND File: F:/FPGA/StopWatch/stopwatch.vhd Line: 27
    Warning (13410): Pin "LEDR[9]" is stuck at GND File: F:/FPGA/StopWatch/stopwatch.vhd Line: 27
Info (286030): Timing-Driven Synthesis is running
Info (16010): Generating hard_block partition "hard_block:auto_generated_inst"
    Info (16011): Adding 0 node(s), including 0 DDIO, 0 PLL, 0 transceiver and 0 LCELL
Warning (21074): Design contains 14 input pin(s) that do not drive logic
    Warning (15610): No output dependent on input pin "CLOCK2_50" File: F:/FPGA/StopWatch/stopwatch.vhd Line: 15
    Warning (15610): No output dependent on input pin "CLOCK3_50" File: F:/FPGA/StopWatch/stopwatch.vhd Line: 16
    Warning (15610): No output dependent on input pin "CLOCK4_50" File: F:/FPGA/StopWatch/stopwatch.vhd Line: 17
    Warning (15610): No output dependent on input pin "KEY[0]" File: F:/FPGA/StopWatch/stopwatch.vhd Line: 21
    Warning (15610): No output dependent on input pin "SW[0]" File: F:/FPGA/StopWatch/stopwatch.vhd Line: 24
    Warning (15610): No output dependent on input pin "SW[1]" File: F:/FPGA/StopWatch/stopwatch.vhd Line: 24
    Warning (15610): No output dependent on input pin "SW[2]" File: F:/FPGA/StopWatch/stopwatch.vhd Line: 24
    Warning (15610): No output dependent on input pin "SW[3]" File: F:/FPGA/StopWatch/stopwatch.vhd Line: 24
    Warning (15610): No output dependent on input pin "SW[4]" File: F:/FPGA/StopWatch/stopwatch.vhd Line: 24
    Warning (15610): No output dependent on input pin "SW[5]" File: F:/FPGA/StopWatch/stopwatch.vhd Line: 24
    Warning (15610): No output dependent on input pin "SW[6]" File: F:/FPGA/StopWatch/stopwatch.vhd Line: 24
    Warning (15610): No output dependent on input pin "SW[7]" File: F:/FPGA/StopWatch/stopwatch.vhd Line: 24
    Warning (15610): No output dependent on input pin "SW[8]" File: F:/FPGA/StopWatch/stopwatch.vhd Line: 24
    Warning (15610): No output dependent on input pin "SW[9]" File: F:/FPGA/StopWatch/stopwatch.vhd Line: 24
Info (21057): Implemented 199 device resources after synthesis - the final resource count might be different
    Info (21058): Implemented 18 input pins
    Info (21059): Implemented 52 output pins
    Info (21061): Implemented 129 logic cells
Info: Quartus Prime Analysis & Synthesis was successful. 0 errors, 34 warnings
    Info: Peak virtual memory: 4842 megabytes
    Info: Processing ended: Sun Mar 28 16:26:39 2021
    Info: Elapsed time: 00:00:13
    Info: Total CPU time (on all processors): 00:00:26


